<?xml version="1.0" encoding="UTF-8"?>
<testng-results skipped="0" failed="1" ignored="0" total="5" passed="4">
  <reporter-output>
  </reporter-output>
  <suite name="Default suite" duration-ms="131" started-at="2018-12-16T17:37:24Z" finished-at="2018-12-16T17:37:25Z">
    <groups>
      <group name="Sanity">
        <method signature="BasicTesting.testcase2()[pri:2000, instance:day8.BasicTesting@215be6bb]" name="testcase2" class="day8.BasicTesting"/>
        <method signature="BasicTesting.testcase3()[pri:3000, instance:day8.BasicTesting@215be6bb]" name="testcase3" class="day8.BasicTesting"/>
      </group> <!-- Sanity -->
    </groups>
    <test name="Default test" duration-ms="131" started-at="2018-12-16T17:37:24Z" finished-at="2018-12-16T17:37:25Z">
      <class name="day8.BasicTesting">
        <test-method status="PASS" signature="beforeAClass()[pri:0, instance:day8.BasicTesting@215be6bb]" name="beforeAClass" is-config="true" duration-ms="21" started-at="2018-12-16T23:07:24Z" finished-at="2018-12-16T23:07:24Z">
          <reporter-output>
          </reporter-output>
        </test-method> <!-- beforeAClass -->
        <test-method status="PASS" signature="testcase1()[pri:0, instance:day8.BasicTesting@215be6bb]" name="testcase1" duration-ms="8" started-at="2018-12-16T23:07:24Z" finished-at="2018-12-16T23:07:24Z">
          <reporter-output>
          </reporter-output>
        </test-method> <!-- testcase1 -->
        <test-method status="PASS" signature="beforeATestcase()[pri:0, instance:day8.BasicTesting@215be6bb]" name="beforeATestcase" is-config="true" duration-ms="0" started-at="2018-12-16T23:07:24Z" finished-at="2018-12-16T23:07:24Z">
          <reporter-output>
          </reporter-output>
        </test-method> <!-- beforeATestcase -->
        <test-method status="PASS" signature="afterATestcase()[pri:0, instance:day8.BasicTesting@215be6bb]" name="afterATestcase" is-config="true" duration-ms="1" started-at="2018-12-16T23:07:25Z" finished-at="2018-12-16T23:07:25Z">
          <reporter-output>
          </reporter-output>
        </test-method> <!-- afterATestcase -->
        <test-method status="PASS" signature="beforeATestcase()[pri:0, instance:day8.BasicTesting@215be6bb]" name="beforeATestcase" is-config="true" duration-ms="1" started-at="2018-12-16T23:07:25Z" finished-at="2018-12-16T23:07:25Z">
          <reporter-output>
          </reporter-output>
        </test-method> <!-- beforeATestcase -->
        <test-method status="FAIL" signature="testcase7()[pri:0, instance:day8.BasicTesting@215be6bb]" name="testcase7" duration-ms="4" started-at="2018-12-16T23:07:25Z" finished-at="2018-12-16T23:07:25Z">
          <exception class="org.testng.TestException">
            <message>
              <![CDATA[
Method BasicTesting.testcase7()[pri:0, instance:day8.BasicTesting@215be6bb] should have thrown an exception of type class java.lang.ArrayIndexOutOfBoundsException]]>
            </message>
            <full-stacktrace>
              <![CDATA[org.testng.TestException: 
Method BasicTesting.testcase7()[pri:0, instance:day8.BasicTesting@215be6bb] should have thrown an exception of type class java.lang.ArrayIndexOutOfBoundsException
	at org.testng.internal.ExpectedExceptionsHolder.noException(ExpectedExceptionsHolder.java:89)
	at org.testng.internal.Invoker.handleInvocationResults(Invoker.java:1416)
	at org.testng.internal.Invoker.invokeMethod(Invoker.java:695)
	at org.testng.internal.Invoker.invokeTestMethod(Invoker.java:869)
	at org.testng.internal.Invoker.invokeTestMethods(Invoker.java:1193)
	at org.testng.internal.TestMethodWorker.invokeTestMethods(TestMethodWorker.java:126)
	at org.testng.internal.TestMethodWorker.run(TestMethodWorker.java:109)
	at org.testng.TestRunner.privateRun(TestRunner.java:744)
	at org.testng.TestRunner.run(TestRunner.java:602)
	at org.testng.SuiteRunner.runTest(SuiteRunner.java:380)
	at org.testng.SuiteRunner.runSequentially(SuiteRunner.java:375)
	at org.testng.SuiteRunner.privateRun(SuiteRunner.java:340)
	at org.testng.SuiteRunner.run(SuiteRunner.java:289)
	at org.testng.SuiteRunnerWorker.runSuite(SuiteRunnerWorker.java:52)
	at org.testng.SuiteRunnerWorker.run(SuiteRunnerWorker.java:86)
	at org.testng.TestNG.runSuitesSequentially(TestNG.java:1301)
	at org.testng.TestNG.runSuitesLocally(TestNG.java:1226)
	at org.testng.TestNG.runSuites(TestNG.java:1144)
	at org.testng.TestNG.run(TestNG.java:1115)
	at org.testng.remote.AbstractRemoteTestNG.run(AbstractRemoteTestNG.java:132)
	at org.testng.remote.RemoteTestNG.initAndRun(RemoteTestNG.java:230)
	at org.testng.remote.RemoteTestNG.main(RemoteTestNG.java:76)
]]>
            </full-stacktrace>
          </exception> <!-- org.testng.TestException -->
          <reporter-output>
          </reporter-output>
        </test-method> <!-- testcase7 -->
        <test-method status="PASS" signature="afterATestcase()[pri:0, instance:day8.BasicTesting@215be6bb]" name="afterATestcase" is-config="true" duration-ms="2" started-at="2018-12-16T23:07:25Z" finished-at="2018-12-16T23:07:25Z">
          <reporter-output>
          </reporter-output>
        </test-method> <!-- afterATestcase -->
        <test-method status="PASS" signature="beforeATestcase()[pri:0, instance:day8.BasicTesting@215be6bb]" name="beforeATestcase" is-config="true" duration-ms="0" started-at="2018-12-16T23:07:25Z" finished-at="2018-12-16T23:07:25Z">
          <reporter-output>
          </reporter-output>
        </test-method> <!-- beforeATestcase -->
        <test-method status="PASS" signature="testcase4()[pri:1000, instance:day8.BasicTesting@215be6bb]" name="testcase4" duration-ms="11" started-at="2018-12-16T23:07:25Z" finished-at="2018-12-16T23:07:25Z">
          <reporter-output>
          </reporter-output>
        </test-method> <!-- testcase4 -->
        <test-method status="PASS" signature="afterATestcase()[pri:0, instance:day8.BasicTesting@215be6bb]" name="afterATestcase" is-config="true" duration-ms="1" started-at="2018-12-16T23:07:25Z" finished-at="2018-12-16T23:07:25Z">
          <reporter-output>
          </reporter-output>
        </test-method> <!-- afterATestcase -->
        <test-method status="PASS" signature="beforeATestcase()[pri:0, instance:day8.BasicTesting@215be6bb]" name="beforeATestcase" is-config="true" duration-ms="2" started-at="2018-12-16T23:07:25Z" finished-at="2018-12-16T23:07:25Z">
          <reporter-output>
          </reporter-output>
        </test-method> <!-- beforeATestcase -->
        <test-method status="PASS" signature="testcase2()[pri:2000, instance:day8.BasicTesting@215be6bb]" name="testcase2" duration-ms="3" started-at="2018-12-16T23:07:25Z" finished-at="2018-12-16T23:07:25Z">
          <reporter-output>
          </reporter-output>
        </test-method> <!-- testcase2 -->
        <test-method status="PASS" signature="afterATestcase()[pri:0, instance:day8.BasicTesting@215be6bb]" name="afterATestcase" is-config="true" duration-ms="0" started-at="2018-12-16T23:07:25Z" finished-at="2018-12-16T23:07:25Z">
          <reporter-output>
          </reporter-output>
        </test-method> <!-- afterATestcase -->
        <test-method status="PASS" signature="beforeATestcase()[pri:0, instance:day8.BasicTesting@215be6bb]" name="beforeATestcase" is-config="true" duration-ms="1" started-at="2018-12-16T23:07:25Z" finished-at="2018-12-16T23:07:25Z">
          <reporter-output>
          </reporter-output>
        </test-method> <!-- beforeATestcase -->
        <test-method status="PASS" signature="testcase3()[pri:3000, instance:day8.BasicTesting@215be6bb]" name="testcase3" duration-ms="4" started-at="2018-12-16T23:07:25Z" finished-at="2018-12-16T23:07:25Z">
          <reporter-output>
          </reporter-output>
        </test-method> <!-- testcase3 -->
        <test-method status="PASS" signature="afterAClass()[pri:0, instance:day8.BasicTesting@215be6bb]" name="afterAClass" is-config="true" duration-ms="1" started-at="2018-12-16T23:07:25Z" finished-at="2018-12-16T23:07:25Z">
          <reporter-output>
          </reporter-output>
        </test-method> <!-- afterAClass -->
        <test-method status="PASS" signature="afterATestcase()[pri:0, instance:day8.BasicTesting@215be6bb]" name="afterATestcase" is-config="true" duration-ms="0" started-at="2018-12-16T23:07:25Z" finished-at="2018-12-16T23:07:25Z">
          <reporter-output>
          </reporter-output>
        </test-method> <!-- afterATestcase -->
      </class> <!-- day8.BasicTesting -->
    </test> <!-- Default test -->
  </suite> <!-- Default suite -->
</testng-results>
