<?xml version="1.0" encoding="UTF-8"?>
<!-- Generated by org.testng.reporters.JUnitXMLReporter -->
<testsuite hostname="DESKTOP-R0QK2O8" ignored="4" name="Sanity Test" tests="4" failures="0" timestamp="16 Dec 2018 15:52:52 GMT" time="0.109" errors="0">
  <testcase name="testcase1" time="0.009" classname="day8.BasicTesting"/>
  <testcase name="testcase1" time="0.005" classname="day8.BasicTesting2"/>
  <testcase name="testcase4" time="0.003" classname="day8.BasicTesting"/>
  <testcase name="testcase3" time="0.005" classname="day8.BasicTesting2"/>
  <testcase name="testcase2" time="0.0" classname="day8.BasicTesting">
    <ignored/>
  </testcase> <!-- testcase2 -->
  <testcase name="testcase3" time="0.0" classname="day8.BasicTesting">
    <ignored/>
  </testcase> <!-- testcase3 -->
  <testcase name="testcase4" time="0.0" classname="day8.BasicTesting2">
    <ignored/>
  </testcase> <!-- testcase4 -->
  <testcase name="testcase2" time="0.0" classname="day8.BasicTesting2">
    <ignored/>
  </testcase> <!-- testcase2 -->
</testsuite> <!-- Sanity Test -->
